ARM GAS  C:\Users\ADMINI~1\AppData\Local\Temp\ccbrtbsp.s 			page 1


   1              		.syntax unified
   2              		.cpu cortex-m0
   3              		.fpu softvfp
   4              		.eabi_attribute 20, 1
   5              		.eabi_attribute 21, 1
   6              		.eabi_attribute 23, 3
   7              		.eabi_attribute 24, 1
   8              		.eabi_attribute 25, 1
   9              		.eabi_attribute 26, 1
  10              		.eabi_attribute 30, 1
  11              		.eabi_attribute 34, 0
  12              		.eabi_attribute 18, 4
  13              		.thumb
  14              		.syntax unified
  15              		.file	"main.c"
  16              		.text
  17              	.Ltext0:
  18              		.cfi_sections	.debug_frame
  19              		.section	.text.main,"ax",%progbits
  20              		.align	2
  21              		.global	main
  22              		.code	16
  23              		.thumb_func
  24              		.type	main, %function
  25              	main:
  26              	.LFB35:
  27              		.file 1 "main.c"
   1:main.c        **** /* ========================================
   2:main.c        ****  *
   3:main.c        ****  * Copyright YOUR COMPANY, THE YEAR
   4:main.c        ****  * All Rights Reserved
   5:main.c        ****  * UNPUBLISHED, LICENSED SOFTWARE.
   6:main.c        ****  *
   7:main.c        ****  * CONFIDENTIAL AND PROPRIETARY INFORMATION
   8:main.c        ****  * WHICH IS THE PROPERTY OF your company.
   9:main.c        ****  *
  10:main.c        ****  * ========================================
  11:main.c        **** */
  12:main.c        **** 
  13:main.c        **** //********LSD*******************///
  14:main.c        **** //低功耗之DeepSleep模式测试工程//
  15:main.c        **** //        说明：
  16:main.c        **** //降低功耗可能遇到的问题：
  17:main.c        **** //1.漏电流的产生。
  18:main.c        **** //2.降低频率
  19:main.c        **** //3.修改System的DEBUG模式的SWD为GPIO
  20:main.c        **** //4.进入此模式之后，再次唤醒在睡眠模式之后开始执行
  21:main.c        **** //5.ilo时钟可选关闭，如果关闭进一步降低功耗--0.3uA
  22:main.c        **** 
  23:main.c        **** #include "project.h"
  24:main.c        **** 
  25:main.c        **** #define OFF 1u
  26:main.c        **** #define ON  0u
  27:main.c        **** 
  28:main.c        **** int main(void)
  29:main.c        **** {
  28              		.loc 1 29 0
ARM GAS  C:\Users\ADMINI~1\AppData\Local\Temp\ccbrtbsp.s 			page 2


  29              		.cfi_startproc
  30              		@ Volatile: function does not return.
  31              		@ args = 0, pretend = 0, frame = 0
  32              		@ frame_needed = 0, uses_anonymous_args = 0
  33 0000 10B5     		push	{r4, lr}
  34              		.cfi_def_cfa_offset 8
  35              		.cfi_offset 4, -8
  36              		.cfi_offset 14, -4
  30:main.c        **** 	
  31:main.c        **** 	//作为指示灯
  32:main.c        ****     LED_Status_Write(OFF);
  37              		.loc 1 32 0
  38 0002 0120     		movs	r0, #1
  39 0004 FFF7FEFF 		bl	LED_Status_Write
  40              	.LVL0:
  33:main.c        **** 	CyDelay(200);
  41              		.loc 1 33 0
  42 0008 C820     		movs	r0, #200
  43 000a FFF7FEFF 		bl	CyDelay
  44              	.LVL1:
  34:main.c        ****     LED_Status_Write(ON);
  45              		.loc 1 34 0
  46 000e 0020     		movs	r0, #0
  47 0010 FFF7FEFF 		bl	LED_Status_Write
  48              	.LVL2:
  35:main.c        **** 	CyDelay(200);
  49              		.loc 1 35 0
  50 0014 C820     		movs	r0, #200
  51 0016 FFF7FEFF 		bl	CyDelay
  52              	.LVL3:
  36:main.c        **** 	LED_Status_Write(OFF);
  53              		.loc 1 36 0
  54 001a 0120     		movs	r0, #1
  55 001c FFF7FEFF 		bl	LED_Status_Write
  56              	.LVL4:
  37:main.c        ****     //反馈出从哪个模式唤醒；
  38:main.c        **** 	//status=CySysPmGetResetReason();
  39:main.c        **** 	
  40:main.c        ****     CyGlobalIntEnable; /* Enable global interrupts. */
  57              		.loc 1 40 0
  58              		.syntax divided
  59              	@ 40 "main.c" 1
  60 0020 62B6     		CPSIE   i
  61              	@ 0 "" 2
  41:main.c        **** 	
  42:main.c        **** 	isr_SW_Start();
  62              		.loc 1 42 0
  63              		.thumb
  64              		.syntax unified
  65 0022 FFF7FEFF 		bl	isr_SW_Start
  66              	.LVL5:
  67              	.L2:
  43:main.c        ****     for(;;)
  44:main.c        ****     {
  45:main.c        **** 		SW_Sleep();
  68              		.loc 1 45 0 discriminator 1
  69 0026 FFF7FEFF 		bl	SW_Sleep
ARM GAS  C:\Users\ADMINI~1\AppData\Local\Temp\ccbrtbsp.s 			page 3


  70              	.LVL6:
  46:main.c        **** 		LED_Status_Sleep();
  71              		.loc 1 46 0 discriminator 1
  72 002a FFF7FEFF 		bl	LED_Status_Sleep
  73              	.LVL7:
  47:main.c        ****         CySysClkEcoStop();
  74              		.loc 1 47 0 discriminator 1
  75 002e FFF7FEFF 		bl	CySysClkEcoStop
  76              	.LVL8:
  48:main.c        **** 		#if 0
  49:main.c        **** 		CySysClkIloStop();//关闭ilo，进一步降低功耗--0.3uA
  50:main.c        ****         #endif
  51:main.c        **** 		CySysPmDeepSleep();//进入深度睡眠，功耗为1.0uA
  77              		.loc 1 51 0 discriminator 1
  78 0032 FFF7FEFF 		bl	CySysPmDeepSleep
  79              	.LVL9:
  80 0036 F6E7     		b	.L2
  81              		.cfi_endproc
  82              	.LFE35:
  83              		.size	main, .-main
  84              		.text
  85              	.Letext0:
  86              		.file 2 "Generated_Source\\PSoC4/LED_Status.h"
  87              		.file 3 "Generated_Source\\PSoC4/CyLib.h"
  88              		.file 4 "Generated_Source\\PSoC4/isr_SW.h"
  89              		.file 5 "Generated_Source\\PSoC4/SW.h"
  90              		.file 6 "Generated_Source\\PSoC4/cyPm.h"
  91              		.section	.debug_info,"",%progbits
  92              	.Ldebug_info0:
  93 0000 80010000 		.4byte	0x180
  94 0004 0400     		.2byte	0x4
  95 0006 00000000 		.4byte	.Ldebug_abbrev0
  96 000a 04       		.byte	0x4
  97 000b 01       		.uleb128 0x1
  98 000c 30010000 		.4byte	.LASF21
  99 0010 0C       		.byte	0xc
 100 0011 F7000000 		.4byte	.LASF22
 101 0015 78000000 		.4byte	.LASF23
 102 0019 00000000 		.4byte	.Ldebug_ranges0+0
 103 001d 00000000 		.4byte	0
 104 0021 00000000 		.4byte	.Ldebug_line0
 105 0025 02       		.uleb128 0x2
 106 0026 01       		.byte	0x1
 107 0027 06       		.byte	0x6
 108 0028 D1010000 		.4byte	.LASF0
 109 002c 02       		.uleb128 0x2
 110 002d 01       		.byte	0x1
 111 002e 08       		.byte	0x8
 112 002f E4000000 		.4byte	.LASF1
 113 0033 02       		.uleb128 0x2
 114 0034 02       		.byte	0x2
 115 0035 05       		.byte	0x5
 116 0036 F9010000 		.4byte	.LASF2
 117 003a 02       		.uleb128 0x2
 118 003b 02       		.byte	0x2
 119 003c 07       		.byte	0x7
 120 003d BE010000 		.4byte	.LASF3
ARM GAS  C:\Users\ADMINI~1\AppData\Local\Temp\ccbrtbsp.s 			page 4


 121 0041 02       		.uleb128 0x2
 122 0042 04       		.byte	0x4
 123 0043 05       		.byte	0x5
 124 0044 0F010000 		.4byte	.LASF4
 125 0048 02       		.uleb128 0x2
 126 0049 04       		.byte	0x4
 127 004a 07       		.byte	0x7
 128 004b 4F000000 		.4byte	.LASF5
 129 004f 02       		.uleb128 0x2
 130 0050 08       		.byte	0x8
 131 0051 05       		.byte	0x5
 132 0052 00000000 		.4byte	.LASF6
 133 0056 02       		.uleb128 0x2
 134 0057 08       		.byte	0x8
 135 0058 07       		.byte	0x7
 136 0059 61000000 		.4byte	.LASF7
 137 005d 03       		.uleb128 0x3
 138 005e 04       		.byte	0x4
 139 005f 05       		.byte	0x5
 140 0060 696E7400 		.ascii	"int\000"
 141 0064 02       		.uleb128 0x2
 142 0065 04       		.byte	0x4
 143 0066 07       		.byte	0x7
 144 0067 0E000000 		.4byte	.LASF8
 145 006b 02       		.uleb128 0x2
 146 006c 04       		.byte	0x4
 147 006d 04       		.byte	0x4
 148 006e DE000000 		.4byte	.LASF9
 149 0072 02       		.uleb128 0x2
 150 0073 08       		.byte	0x8
 151 0074 04       		.byte	0x4
 152 0075 29010000 		.4byte	.LASF10
 153 0079 02       		.uleb128 0x2
 154 007a 01       		.byte	0x1
 155 007b 08       		.byte	0x8
 156 007c F2000000 		.4byte	.LASF11
 157 0080 02       		.uleb128 0x2
 158 0081 04       		.byte	0x4
 159 0082 07       		.byte	0x7
 160 0083 03020000 		.4byte	.LASF12
 161 0087 02       		.uleb128 0x2
 162 0088 08       		.byte	0x8
 163 0089 04       		.byte	0x4
 164 008a ED010000 		.4byte	.LASF13
 165 008e 04       		.uleb128 0x4
 166 008f 2C000000 		.4byte	.LASF24
 167 0093 01       		.byte	0x1
 168 0094 1C       		.byte	0x1c
 169 0095 5D000000 		.4byte	0x5d
 170 0099 00000000 		.4byte	.LFB35
 171 009d 38000000 		.4byte	.LFE35-.LFB35
 172 00a1 01       		.uleb128 0x1
 173 00a2 9C       		.byte	0x9c
 174 00a3 36010000 		.4byte	0x136
 175 00a7 05       		.uleb128 0x5
 176 00a8 08000000 		.4byte	.LVL0
 177 00ac 36010000 		.4byte	0x136
ARM GAS  C:\Users\ADMINI~1\AppData\Local\Temp\ccbrtbsp.s 			page 5


 178 00b0 BA000000 		.4byte	0xba
 179 00b4 06       		.uleb128 0x6
 180 00b5 01       		.uleb128 0x1
 181 00b6 50       		.byte	0x50
 182 00b7 01       		.uleb128 0x1
 183 00b8 31       		.byte	0x31
 184 00b9 00       		.byte	0
 185 00ba 05       		.uleb128 0x5
 186 00bb 0E000000 		.4byte	.LVL1
 187 00bf 41010000 		.4byte	0x141
 188 00c3 CE000000 		.4byte	0xce
 189 00c7 06       		.uleb128 0x6
 190 00c8 01       		.uleb128 0x1
 191 00c9 50       		.byte	0x50
 192 00ca 02       		.uleb128 0x2
 193 00cb 08       		.byte	0x8
 194 00cc C8       		.byte	0xc8
 195 00cd 00       		.byte	0
 196 00ce 05       		.uleb128 0x5
 197 00cf 14000000 		.4byte	.LVL2
 198 00d3 36010000 		.4byte	0x136
 199 00d7 E1000000 		.4byte	0xe1
 200 00db 06       		.uleb128 0x6
 201 00dc 01       		.uleb128 0x1
 202 00dd 50       		.byte	0x50
 203 00de 01       		.uleb128 0x1
 204 00df 30       		.byte	0x30
 205 00e0 00       		.byte	0
 206 00e1 05       		.uleb128 0x5
 207 00e2 1A000000 		.4byte	.LVL3
 208 00e6 41010000 		.4byte	0x141
 209 00ea F5000000 		.4byte	0xf5
 210 00ee 06       		.uleb128 0x6
 211 00ef 01       		.uleb128 0x1
 212 00f0 50       		.byte	0x50
 213 00f1 02       		.uleb128 0x2
 214 00f2 08       		.byte	0x8
 215 00f3 C8       		.byte	0xc8
 216 00f4 00       		.byte	0
 217 00f5 05       		.uleb128 0x5
 218 00f6 20000000 		.4byte	.LVL4
 219 00fa 36010000 		.4byte	0x136
 220 00fe 08010000 		.4byte	0x108
 221 0102 06       		.uleb128 0x6
 222 0103 01       		.uleb128 0x1
 223 0104 50       		.byte	0x50
 224 0105 01       		.uleb128 0x1
 225 0106 31       		.byte	0x31
 226 0107 00       		.byte	0
 227 0108 07       		.uleb128 0x7
 228 0109 26000000 		.4byte	.LVL5
 229 010d 4C010000 		.4byte	0x14c
 230 0111 07       		.uleb128 0x7
 231 0112 2A000000 		.4byte	.LVL6
 232 0116 57010000 		.4byte	0x157
 233 011a 07       		.uleb128 0x7
 234 011b 2E000000 		.4byte	.LVL7
ARM GAS  C:\Users\ADMINI~1\AppData\Local\Temp\ccbrtbsp.s 			page 6


 235 011f 62010000 		.4byte	0x162
 236 0123 07       		.uleb128 0x7
 237 0124 32000000 		.4byte	.LVL8
 238 0128 6D010000 		.4byte	0x16d
 239 012c 07       		.uleb128 0x7
 240 012d 36000000 		.4byte	.LVL9
 241 0131 78010000 		.4byte	0x178
 242 0135 00       		.byte	0
 243 0136 08       		.uleb128 0x8
 244 0137 FE000000 		.4byte	.LASF14
 245 013b FE000000 		.4byte	.LASF14
 246 013f 02       		.byte	0x2
 247 0140 33       		.byte	0x33
 248 0141 08       		.uleb128 0x8
 249 0142 47000000 		.4byte	.LASF15
 250 0146 47000000 		.4byte	.LASF15
 251 014a 03       		.byte	0x3
 252 014b D9       		.byte	0xd9
 253 014c 08       		.uleb128 0x8
 254 014d 31000000 		.4byte	.LASF16
 255 0151 31000000 		.4byte	.LASF16
 256 0155 04       		.byte	0x4
 257 0156 17       		.byte	0x17
 258 0157 08       		.uleb128 0x8
 259 0158 3E000000 		.4byte	.LASF17
 260 015c 3E000000 		.4byte	.LASF17
 261 0160 05       		.byte	0x5
 262 0161 40       		.byte	0x40
 263 0162 08       		.uleb128 0x8
 264 0163 18010000 		.4byte	.LASF18
 265 0167 18010000 		.4byte	.LASF18
 266 016b 02       		.byte	0x2
 267 016c 40       		.byte	0x40
 268 016d 08       		.uleb128 0x8
 269 016e DD010000 		.4byte	.LASF19
 270 0172 DD010000 		.4byte	.LASF19
 271 0176 03       		.byte	0x3
 272 0177 85       		.byte	0x85
 273 0178 08       		.uleb128 0x8
 274 0179 1B000000 		.4byte	.LASF20
 275 017d 1B000000 		.4byte	.LASF20
 276 0181 06       		.byte	0x6
 277 0182 57       		.byte	0x57
 278 0183 00       		.byte	0
 279              		.section	.debug_abbrev,"",%progbits
 280              	.Ldebug_abbrev0:
 281 0000 01       		.uleb128 0x1
 282 0001 11       		.uleb128 0x11
 283 0002 01       		.byte	0x1
 284 0003 25       		.uleb128 0x25
 285 0004 0E       		.uleb128 0xe
 286 0005 13       		.uleb128 0x13
 287 0006 0B       		.uleb128 0xb
 288 0007 03       		.uleb128 0x3
 289 0008 0E       		.uleb128 0xe
 290 0009 1B       		.uleb128 0x1b
 291 000a 0E       		.uleb128 0xe
ARM GAS  C:\Users\ADMINI~1\AppData\Local\Temp\ccbrtbsp.s 			page 7


 292 000b 55       		.uleb128 0x55
 293 000c 17       		.uleb128 0x17
 294 000d 11       		.uleb128 0x11
 295 000e 01       		.uleb128 0x1
 296 000f 10       		.uleb128 0x10
 297 0010 17       		.uleb128 0x17
 298 0011 00       		.byte	0
 299 0012 00       		.byte	0
 300 0013 02       		.uleb128 0x2
 301 0014 24       		.uleb128 0x24
 302 0015 00       		.byte	0
 303 0016 0B       		.uleb128 0xb
 304 0017 0B       		.uleb128 0xb
 305 0018 3E       		.uleb128 0x3e
 306 0019 0B       		.uleb128 0xb
 307 001a 03       		.uleb128 0x3
 308 001b 0E       		.uleb128 0xe
 309 001c 00       		.byte	0
 310 001d 00       		.byte	0
 311 001e 03       		.uleb128 0x3
 312 001f 24       		.uleb128 0x24
 313 0020 00       		.byte	0
 314 0021 0B       		.uleb128 0xb
 315 0022 0B       		.uleb128 0xb
 316 0023 3E       		.uleb128 0x3e
 317 0024 0B       		.uleb128 0xb
 318 0025 03       		.uleb128 0x3
 319 0026 08       		.uleb128 0x8
 320 0027 00       		.byte	0
 321 0028 00       		.byte	0
 322 0029 04       		.uleb128 0x4
 323 002a 2E       		.uleb128 0x2e
 324 002b 01       		.byte	0x1
 325 002c 3F       		.uleb128 0x3f
 326 002d 19       		.uleb128 0x19
 327 002e 03       		.uleb128 0x3
 328 002f 0E       		.uleb128 0xe
 329 0030 3A       		.uleb128 0x3a
 330 0031 0B       		.uleb128 0xb
 331 0032 3B       		.uleb128 0x3b
 332 0033 0B       		.uleb128 0xb
 333 0034 27       		.uleb128 0x27
 334 0035 19       		.uleb128 0x19
 335 0036 49       		.uleb128 0x49
 336 0037 13       		.uleb128 0x13
 337 0038 8701     		.uleb128 0x87
 338 003a 19       		.uleb128 0x19
 339 003b 11       		.uleb128 0x11
 340 003c 01       		.uleb128 0x1
 341 003d 12       		.uleb128 0x12
 342 003e 06       		.uleb128 0x6
 343 003f 40       		.uleb128 0x40
 344 0040 18       		.uleb128 0x18
 345 0041 9742     		.uleb128 0x2117
 346 0043 19       		.uleb128 0x19
 347 0044 01       		.uleb128 0x1
 348 0045 13       		.uleb128 0x13
ARM GAS  C:\Users\ADMINI~1\AppData\Local\Temp\ccbrtbsp.s 			page 8


 349 0046 00       		.byte	0
 350 0047 00       		.byte	0
 351 0048 05       		.uleb128 0x5
 352 0049 898201   		.uleb128 0x4109
 353 004c 01       		.byte	0x1
 354 004d 11       		.uleb128 0x11
 355 004e 01       		.uleb128 0x1
 356 004f 31       		.uleb128 0x31
 357 0050 13       		.uleb128 0x13
 358 0051 01       		.uleb128 0x1
 359 0052 13       		.uleb128 0x13
 360 0053 00       		.byte	0
 361 0054 00       		.byte	0
 362 0055 06       		.uleb128 0x6
 363 0056 8A8201   		.uleb128 0x410a
 364 0059 00       		.byte	0
 365 005a 02       		.uleb128 0x2
 366 005b 18       		.uleb128 0x18
 367 005c 9142     		.uleb128 0x2111
 368 005e 18       		.uleb128 0x18
 369 005f 00       		.byte	0
 370 0060 00       		.byte	0
 371 0061 07       		.uleb128 0x7
 372 0062 898201   		.uleb128 0x4109
 373 0065 00       		.byte	0
 374 0066 11       		.uleb128 0x11
 375 0067 01       		.uleb128 0x1
 376 0068 31       		.uleb128 0x31
 377 0069 13       		.uleb128 0x13
 378 006a 00       		.byte	0
 379 006b 00       		.byte	0
 380 006c 08       		.uleb128 0x8
 381 006d 2E       		.uleb128 0x2e
 382 006e 00       		.byte	0
 383 006f 3F       		.uleb128 0x3f
 384 0070 19       		.uleb128 0x19
 385 0071 3C       		.uleb128 0x3c
 386 0072 19       		.uleb128 0x19
 387 0073 6E       		.uleb128 0x6e
 388 0074 0E       		.uleb128 0xe
 389 0075 03       		.uleb128 0x3
 390 0076 0E       		.uleb128 0xe
 391 0077 3A       		.uleb128 0x3a
 392 0078 0B       		.uleb128 0xb
 393 0079 3B       		.uleb128 0x3b
 394 007a 0B       		.uleb128 0xb
 395 007b 00       		.byte	0
 396 007c 00       		.byte	0
 397 007d 00       		.byte	0
 398              		.section	.debug_aranges,"",%progbits
 399 0000 1C000000 		.4byte	0x1c
 400 0004 0200     		.2byte	0x2
 401 0006 00000000 		.4byte	.Ldebug_info0
 402 000a 04       		.byte	0x4
 403 000b 00       		.byte	0
 404 000c 0000     		.2byte	0
 405 000e 0000     		.2byte	0
ARM GAS  C:\Users\ADMINI~1\AppData\Local\Temp\ccbrtbsp.s 			page 9


 406 0010 00000000 		.4byte	.LFB35
 407 0014 38000000 		.4byte	.LFE35-.LFB35
 408 0018 00000000 		.4byte	0
 409 001c 00000000 		.4byte	0
 410              		.section	.debug_ranges,"",%progbits
 411              	.Ldebug_ranges0:
 412 0000 00000000 		.4byte	.LFB35
 413 0004 38000000 		.4byte	.LFE35
 414 0008 00000000 		.4byte	0
 415 000c 00000000 		.4byte	0
 416              		.section	.debug_line,"",%progbits
 417              	.Ldebug_line0:
 418 0000 9D000000 		.section	.debug_str,"MS",%progbits,1
 418      02006D00 
 418      00000201 
 418      FB0E0D00 
 418      01010101 
 419              	.LASF6:
 420 0000 6C6F6E67 		.ascii	"long long int\000"
 420      206C6F6E 
 420      6720696E 
 420      7400
 421              	.LASF8:
 422 000e 756E7369 		.ascii	"unsigned int\000"
 422      676E6564 
 422      20696E74 
 422      00
 423              	.LASF20:
 424 001b 43795379 		.ascii	"CySysPmDeepSleep\000"
 424      73506D44 
 424      65657053 
 424      6C656570 
 424      00
 425              	.LASF24:
 426 002c 6D61696E 		.ascii	"main\000"
 426      00
 427              	.LASF16:
 428 0031 6973725F 		.ascii	"isr_SW_Start\000"
 428      53575F53 
 428      74617274 
 428      00
 429              	.LASF17:
 430 003e 53575F53 		.ascii	"SW_Sleep\000"
 430      6C656570 
 430      00
 431              	.LASF15:
 432 0047 43794465 		.ascii	"CyDelay\000"
 432      6C617900 
 433              	.LASF5:
 434 004f 6C6F6E67 		.ascii	"long unsigned int\000"
 434      20756E73 
 434      69676E65 
 434      6420696E 
 434      7400
 435              	.LASF7:
 436 0061 6C6F6E67 		.ascii	"long long unsigned int\000"
 436      206C6F6E 
ARM GAS  C:\Users\ADMINI~1\AppData\Local\Temp\ccbrtbsp.s 			page 10


 436      6720756E 
 436      7369676E 
 436      65642069 
 437              	.LASF23:
 438 0078 433A5C55 		.ascii	"C:\\Users\\Administrator\\Desktop\\Temporary Files\\"
 438      73657273 
 438      5C41646D 
 438      696E6973 
 438      74726174 
 439 00a7 43797072 		.ascii	"Cypress_Lowpower\\Lowpower\\LowpowerMode\\Deepsleep"
 439      6573735F 
 439      4C6F7770 
 439      6F776572 
 439      5C4C6F77 
 440 00d7 2E637964 		.ascii	".cydsn\000"
 440      736E00
 441              	.LASF9:
 442 00de 666C6F61 		.ascii	"float\000"
 442      7400
 443              	.LASF1:
 444 00e4 756E7369 		.ascii	"unsigned char\000"
 444      676E6564 
 444      20636861 
 444      7200
 445              	.LASF11:
 446 00f2 63686172 		.ascii	"char\000"
 446      00
 447              	.LASF22:
 448 00f7 6D61696E 		.ascii	"main.c\000"
 448      2E6300
 449              	.LASF14:
 450 00fe 4C45445F 		.ascii	"LED_Status_Write\000"
 450      53746174 
 450      75735F57 
 450      72697465 
 450      00
 451              	.LASF4:
 452 010f 6C6F6E67 		.ascii	"long int\000"
 452      20696E74 
 452      00
 453              	.LASF18:
 454 0118 4C45445F 		.ascii	"LED_Status_Sleep\000"
 454      53746174 
 454      75735F53 
 454      6C656570 
 454      00
 455              	.LASF10:
 456 0129 646F7562 		.ascii	"double\000"
 456      6C6500
 457              	.LASF21:
 458 0130 474E5520 		.ascii	"GNU C11 5.4.1 20160609 (release) [ARM/embedded-5-br"
 458      43313120 
 458      352E342E 
 458      31203230 
 458      31363036 
 459 0163 616E6368 		.ascii	"anch revision 237715] -mcpu=cortex-m0 -mthumb -g -O"
 459      20726576 
ARM GAS  C:\Users\ADMINI~1\AppData\Local\Temp\ccbrtbsp.s 			page 11


 459      6973696F 
 459      6E203233 
 459      37373135 
 460 0196 67202D66 		.ascii	"g -ffunction-sections -ffat-lto-objects\000"
 460      66756E63 
 460      74696F6E 
 460      2D736563 
 460      74696F6E 
 461              	.LASF3:
 462 01be 73686F72 		.ascii	"short unsigned int\000"
 462      7420756E 
 462      7369676E 
 462      65642069 
 462      6E7400
 463              	.LASF0:
 464 01d1 7369676E 		.ascii	"signed char\000"
 464      65642063 
 464      68617200 
 465              	.LASF19:
 466 01dd 43795379 		.ascii	"CySysClkEcoStop\000"
 466      73436C6B 
 466      45636F53 
 466      746F7000 
 467              	.LASF13:
 468 01ed 6C6F6E67 		.ascii	"long double\000"
 468      20646F75 
 468      626C6500 
 469              	.LASF2:
 470 01f9 73686F72 		.ascii	"short int\000"
 470      7420696E 
 470      7400
 471              	.LASF12:
 472 0203 73697A65 		.ascii	"sizetype\000"
 472      74797065 
 472      00
 473              		.ident	"GCC: (GNU Tools for ARM Embedded Processors) 5.4.1 20160609 (release) [ARM/embedded-5-bran
